mode: set
github.com/popoiuioopp/ace/questions/question.go:8.31,14.22 3 1
github.com/popoiuioopp/ace/questions/question.go:18.2,21.14 2 1
github.com/popoiuioopp/ace/questions/question.go:27.2,27.55 1 1
github.com/popoiuioopp/ace/questions/question.go:31.2,31.15 1 1
github.com/popoiuioopp/ace/questions/question.go:14.22,16.3 1 1
github.com/popoiuioopp/ace/questions/question.go:21.14,24.3 2 1
github.com/popoiuioopp/ace/questions/question.go:27.55,29.3 1 1
github.com/popoiuioopp/ace/questions/question.go:34.30,40.37 3 1
github.com/popoiuioopp/ace/questions/question.go:47.2,47.12 1 1
github.com/popoiuioopp/ace/questions/question.go:40.37,42.23 2 1
github.com/popoiuioopp/ace/questions/question.go:42.23,44.4 1 1
github.com/popoiuioopp/ace/questions/question.go:50.38,53.25 2 1
github.com/popoiuioopp/ace/questions/question.go:58.2,59.15 2 1
github.com/popoiuioopp/ace/questions/question.go:53.25,57.3 2 1
github.com/popoiuioopp/ace/questions/question.go:62.29,67.22 3 1
github.com/popoiuioopp/ace/questions/question.go:76.2,76.22 1 1
github.com/popoiuioopp/ace/questions/question.go:82.2,82.15 1 1
github.com/popoiuioopp/ace/questions/question.go:67.22,68.26 1 1
github.com/popoiuioopp/ace/questions/question.go:68.26,70.4 1 1
github.com/popoiuioopp/ace/questions/question.go:70.9,72.4 1 1
github.com/popoiuioopp/ace/questions/question.go:76.22,77.15 1 1
github.com/popoiuioopp/ace/questions/question.go:77.15,79.4 1 1
github.com/popoiuioopp/ace/questions/question.go:85.30,87.16 1 1
github.com/popoiuioopp/ace/questions/question.go:92.2,98.32 5 1
github.com/popoiuioopp/ace/questions/question.go:104.2,104.28 1 1
github.com/popoiuioopp/ace/questions/question.go:87.16,89.3 1 1
github.com/popoiuioopp/ace/questions/question.go:98.32,99.25 1 1
github.com/popoiuioopp/ace/questions/question.go:99.25,101.4 1 1
github.com/popoiuioopp/ace/questions/question.go:107.33,109.2 1 1
github.com/popoiuioopp/ace/questions/question.go:111.39,113.22 2 1
github.com/popoiuioopp/ace/questions/question.go:119.2,119.15 1 1
github.com/popoiuioopp/ace/questions/question.go:113.22,114.14 1 1
github.com/popoiuioopp/ace/questions/question.go:114.14,116.4 1 1
